1747733582371:byebye
1747733923480:message --dst ClientB --msg "Hello, are you a noob ?"
1747734017579:byebye
1747734201568:message --dst ClientB --msg "Hello, are you a noob ?"
1747734224163:byebye
1747734227046:byeby
1747734228628:byebye
1747734267309:message --dst ClientB --msg "Hello, are you a noob ?"
1747734360554:message --dst ClientA --msg "Hello, are you a noob ?"
1747734372023:byebye
1747734392682:message --dst ClientA --msg "Hello, are you a noob ?"
1747734930187:message --dst ClientA --msg "Hello, are you a noob2222 ?"
1747734965117:message --dst ClientA --msg "Hello, are you a noob ?"
1747735056652:message --dst ClientB --msg "Alexis is bg"
1747735169332:byebye
1747735171985:byebye
1747743219089:message --dst ClientB --msg "Alexis is bg"
1747743269780:message --dst ClientA --msg "test"
1747743287587:byebye
1747743290522:byebye
1747743643635:help
1747743659089:is-connected ClientB
1747743672051:lister-clients
1747743702842:message --dst ClientB --msg "Alexis is bg"
1747743709958:message --dst ClientA --msg "test"
1747743720232:lister-clients
1747743751925:byebye
1747743754896:byebye
1747743957717:message --dst ClientA --msg "test"
1747743964663:message --dst ClientB --msg "Alexis is bg"
1747743994210:lister-clients
1747744025344:help
1747744047105:traduire "is it okay ?"
1747744060847:whoami
1747744066212:whoami
1747744077964:byebye
1747744081106:byebye
1747744589162:message --dst ClientB --msg "Alexis is bg"
1747744597095:message --dst ClientA --msg "test"
1747744602284:lister-clients
1747744662599:is-connected ClientB
1747744664475:is-connected ClientC
1747744667115:is-connected ClientA
1747744670238:is-connected ClientB
1747744674646:byebye
1747744685222:byebye
1747744897286:lister-clients
1747744964112:byebye
1747745759639:lister-clients
1747745796809:byebye
1747745937793:lister-clients
1747745944578:byebye
1747746246809:lister-clients
1747746262591:message --dst ClientB --msg "Alexis is bg"
1747746270330:lister-clients
1747746286346:byebye
