2025-05-22 02:18:26,520 Enregistrement du client
2025-05-22 02:18:26,524 #### -> ClientA: Envoi du message -> CONNECT:ClientA
2025-05-22 02:18:26,525 Attente Kafka, 60 secondes.
2025-05-22 02:18:27,689 #### -> ClientA: Envoi du message -> GET:ClientA
2025-05-22 02:18:27,698 Attente Kafka, 60 secondes.
2025-05-22 02:18:28,419 #### -> ClientA: Reception du message Technique de ClientConsDB -> ClientA
2025-05-22 02:18:31,499 Enregistrement du client
2025-05-22 02:18:31,501 #### -> ClientB: Envoi du message -> CONNECT:ClientB
2025-05-22 02:18:31,502 Attente Kafka, 60 secondes.
2025-05-22 02:18:32,149 #### -> ClientB: Envoi du message -> GET:ClientB
2025-05-22 02:18:32,151 Attente Kafka, 60 secondes.
2025-05-22 02:19:00,006 #### -> De la part de ClientA : Message -> Bonjour, ça va
2025-05-22 02:19:09,471 #### -> ClientB: Reception du message Technique de ClientConsDB -> ClientA, ClientB
2025-05-22 02:19:18,099 #### -> Votre nom de login est : ClientB
2025-05-22 02:19:18,099 Vous êtes connecté sur kafka vers : localhost:9092
2025-05-22 02:19:26,161 #### -> De la part de ClientB : Message -> Bonjour
2025-05-22 02:19:49,954 #### -> ClientA: Reception du message Technique de ClientConsDB -> ClientB
2025-05-22 02:20:02,279 #### -> ClientA: Reception du message Technique de ClientConsDB -> ClientB, ClientA
2025-05-22 02:22:07,887 Fermeture du client ClientA
2025-05-22 02:22:10,329 Fermeture du client ClientB
